[0m[[0m[0mdebug[0m] [0m[0mRunning TaskDef(SCIETestbench, org.scalatest.tools.Framework$$anon$1@2eab51c0, false, [SuiteSelector])[0m
[0m[[0m[0minfo[0m] [0m[0m[32mSCIETestbench:[0m[0m
[0m[[0m[0minfo[0m] [0m[0m[32mSCIEUnpipelined[0m[0m
[0m[[0m[0minfo[0m] [0m[0m[31m- should pass *** FAILED ***[0m[0m
[0m[[0m[0minfo[0m] [0m[0m[31m  java.lang.NumberFormatException: Cannot parse null string[0m[0m
[0m[[0m[0minfo[0m] [0m[0m[31m  at java.base/java.lang.Integer.parseInt(Integer.java:630)[0m[0m
[0m[[0m[0minfo[0m] [0m[0m[31m  at java.base/java.lang.Integer.parseInt(Integer.java:786)[0m[0m
[0m[[0m[0minfo[0m] [0m[0m[31m  at scala.collection.StringOps$.toInt$extension(StringOps.scala:915)[0m[0m
[0m[[0m[0minfo[0m] [0m[0m[31m  at SCIETestbench.$anonfun$new$1(scieTest.scala:8)[0m[0m
[0m[[0m[0minfo[0m] [0m[0m[31m  at org.scalatest.OutcomeOf.outcomeOf(OutcomeOf.scala:85)[0m[0m
[0m[[0m[0minfo[0m] [0m[0m[31m  at org.scalatest.OutcomeOf.outcomeOf$(OutcomeOf.scala:83)[0m[0m
[0m[[0m[0minfo[0m] [0m[0m[31m  at org.scalatest.OutcomeOf$.outcomeOf(OutcomeOf.scala:104)[0m[0m
[0m[[0m[0minfo[0m] [0m[0m[31m  at org.scalatest.Transformer.apply(Transformer.scala:22)[0m[0m
[0m[[0m[0minfo[0m] [0m[0m[31m  at org.scalatest.Transformer.apply(Transformer.scala:20)[0m[0m
[0m[[0m[0minfo[0m] [0m[0m[31m  at org.scalatest.flatspec.AnyFlatSpecLike$$anon$5.apply(AnyFlatSpecLike.scala:1683)[0m[0m
[0m[[0m[0minfo[0m] [0m[0m[31m  ...[0m[0m
[0m[[0m[0minfo[0m] [0m[0m[36mRun completed in 168 milliseconds.[0m[0m
[0m[[0m[0minfo[0m] [0m[0m[36mTotal number of tests run: 1[0m[0m
[0m[[0m[0minfo[0m] [0m[0m[36mSuites: completed 1, aborted 0[0m[0m
[0m[[0m[0minfo[0m] [0m[0m[36mTests: succeeded 0, failed 1, canceled 0, ignored 0, pending 0[0m[0m
[0m[[0m[0minfo[0m] [0m[0m[31m*** 1 TEST FAILED ***[0m[0m
[0m[[0m[31merror[0m] [0m[0mFailed tests:[0m
[0m[[0m[31merror[0m] [0m[0m	SCIETestbench[0m
[0m[[0m[31merror[0m] [0m[0m(Test / [31mtest[0m) sbt.TestsFailedException: Tests unsuccessful[0m
